
> simplesns@0.0.0 start /home/ubuntu/SimpleSNS
> node ./bin/www

connected ! connection id is 47
Message sent: undefined
[0mPOST /email/send [32m200 [0m2643.912 ms - 20[0m
Message sent: undefined
[0mPOST /email/send [32m200 [0m2853.159 ms - 20[0m
email is verified
[0mGET /email/verify?email=funtravelout@hotmail.com&num=2185 [32m200 [0m5.284 ms - 20[0m
[0mGET /favicon.ico [33m404 [0m274.007 ms - 1042[0m
[0mPOST /email/register [32m200 [0m5.442 ms - 98[0m
[0mGET /email/send [33m404 [0m15.240 ms - 1042[0m
[0mGET / [33m404 [0m11.432 ms - 1042[0m
[0mGET /email/send [33m404 [0m15.944 ms - 1042[0m
[0mPOST /email/login [32m200 [0m2.163 ms - 47[0m
[0mPOST /email/register [32m200 [0m1.712 ms - 51[0m
[0mPOST /email/register [32m200 [0m1.456 ms - 51[0m
{ affectedRows: 1, insertId: 0, warningStatus: 0 }
[0mPOST /email/login [32m200 [0m6.433 ms - 98[0m
[0mGET /send [33m404 [0m9.910 ms - 1042[0m
[0mGET /register%EB%A1%9C [33m404 [0m15.757 ms - 1042[0m
[0mGET / [33m404 [0m12.239 ms - 1042[0m
[0mGET /send [33m404 [0m15.592 ms - 1042[0m
[0mGET /stylesheets/style.css [32m200 [0m3.074 ms - 111[0m
[0mGET /favicon.ico [33m404 [0m7.783 ms - 1042[0m
[0mGET / [33m404 [0m16.094 ms - 1042[0m
[0mGET /send [33m404 [0m14.267 ms - 1042[0m
[0mGET /register%EB%A1%9C [33m404 [0m11.067 ms - 1042[0m
[0mGET / [33m404 [0m28.296 ms - 1042[0m
[0mGET / [33m404 [0m17.028 ms - 1042[0m
[0mGET / [33m404 [0m15.008 ms - 1042[0m
[0mGET / [33m404 [0m10.339 ms - 1042[0m
[0mGET / [33m404 [0m11.832 ms - 1042[0m
[0mGET / [33m404 [0m14.997 ms - 1042[0m
[0mGET / [33m404 [0m17.524 ms - 1042[0m
[0mGET / [33m404 [0m5.660 ms - 1042[0m
[0mGET / [33m404 [0m6.268 ms - 1042[0m
[0mGET / [33m404 [0m6.003 ms - 1042[0m
[0mGET / [33m404 [0m13.492 ms - 1042[0m
[0mGET / [33m404 [0m12.764 ms - 1042[0m
[0mGET /stylesheets/style.css [32m200 [0m1.406 ms - 111[0m
[0mGET /favicon.ico [33m404 [0m5.296 ms - 1042[0m
[0mGET /email/send [33m404 [0m10.198 ms - 1042[0m
[0mGET /email/register [33m404 [0m9.384 ms - 1042[0m
[0mGET /email/send [33m404 [0m5.935 ms - 1042[0m
[0mGET /email/register [33m404 [0m5.458 ms - 1042[0m
[0mGET /email/login [33m404 [0m7.027 ms - 1042[0m
[0mGET /email/login [33m404 [0m4.237 ms - 1042[0m
[0mGET /email/send [33m404 [0m6.513 ms - 1042[0m
[0mGET /stylesheets/style.css [32m200 [0m0.444 ms - 111[0m
[0mGET /email/register [33m404 [0m9.280 ms - 1042[0m
[0mGET /stylesheets/style.css [36m304 [0m2.197 ms - -[0m
[0mGET /email/login [33m404 [0m5.289 ms - 1042[0m
[0mGET /stylesheets/style.css [36m304 [0m0.371 ms - -[0m
[0mGET /email/login [33m404 [0m7.925 ms - 1042[0m
[0mGET /stylesheets/style.css [36m304 [0m0.373 ms - -[0m
[0mGET /email/ [33m404 [0m5.237 ms - 1042[0m
[0mGET /stylesheets/style.css [36m304 [0m0.269 ms - -[0m
[0mGET / [33m404 [0m5.738 ms - 1042[0m
[0mGET /stylesheets/style.css [36m304 [0m0.257 ms - -[0m
[0mGET /google [32m200 [0m0.685 ms - 23[0m
[0mGET /facebook [32m200 [0m0.569 ms - 23[0m
[0mGET /email/send [33m404 [0m6.744 ms - 1042[0m
[0mGET /email/register [33m404 [0m5.263 ms - 1042[0m
[0mGET /email/login [33m404 [0m4.936 ms - 1042[0m
[0mGET /email/send [33m404 [0m5.375 ms - 1042[0m
[0mGET /email/register [33m404 [0m5.155 ms - 1042[0m
[0mGET /email/login [33m404 [0m4.880 ms - 1042[0m
[0mGET / [33m404 [0m4.308 ms - 1042[0m
[0mGET /email/login [33m404 [0m18.235 ms - 1042[0m
[0mGET /email/register [33m404 [0m12.285 ms - 1042[0m
[0mGET /email/send [33m404 [0m5.429 ms - 1042[0m
[0mGET / [33m404 [0m5.305 ms - 1042[0m
[0mGET / [33m404 [0m5.456 ms - 1042[0m
[0mGET / [33m404 [0m5.147 ms - 1042[0m
[0mGET / [33m404 [0m10.270 ms - 1042[0m
[0mGET /config [33m404 [0m11.963 ms - 1042[0m
[0mGET / [33m404 [0m5.276 ms - 1042[0m
[0mGET / [33m404 [0m6.372 ms - 1042[0m
[0mGET / [33m404 [0m6.211 ms - 1042[0m
[0mGET / [33m404 [0m10.563 ms - 1042[0m
[0mGET / [33m404 [0m5.274 ms - 1042[0m
[0mGET / [33m404 [0m13.128 ms - 1042[0m
[0mGET /register [33m404 [0m4.534 ms - 1042[0m
[0mGET /send [33m404 [0m11.479 ms - 1042[0m
[0mGET /email/register [33m404 [0m15.046 ms - 1042[0m
[0mGET /email/send [33m404 [0m22.814 ms - 1042[0m
[0mGET / [33m404 [0m7.469 ms - 1042[0m
[0mGET / [33m404 [0m5.785 ms - 1042[0m
[0mGET / [33m404 [0m5.910 ms - 1042[0m
[0mGET /email/login [33m404 [0m17.355 ms - 1042[0m
[0mGET /email/register [33m404 [0m12.301 ms - 1042[0m
[0mGET / [33m404 [0m15.023 ms - 1042[0m
[0mGET /favicon.ico [33m404 [0m9.188 ms - 1042[0m
[0mGET / [33m404 [0m10.860 ms - 1042[0m
[0mGET /favicon.ico [33m404 [0m15.246 ms - 1042[0m
[0mGET / [33m404 [0m13.977 ms - 1042[0m
[0mGET / [33m404 [0m8.412 ms - 1042[0m
[0mGET / [33m404 [0m15.239 ms - 1042[0m
[0mGET / [33m404 [0m16.575 ms - 1042[0m
[0mGET /favicon.ico [33m404 [0m26.913 ms - 1042[0m
[0mGET / [33m404 [0m24.276 ms - 1042[0m
[0mGET / [33m404 [0m22.433 ms - 1042[0m
[0mGET / [33m404 [0m9.545 ms - 1042[0m
[0mGET / [33m404 [0m16.863 ms - 1042[0m
[0mPOST /member [33m404 [0m19.042 ms - 1042[0m
[0mPOST /member [33m404 [0m10.727 ms - 1042[0m
[0mPOST /member [33m404 [0m15.049 ms - 1042[0m
[0mPOST /member [33m404 [0m9.936 ms - 1042[0m
[0mPOST /member [33m404 [0m6.460 ms - 1042[0m
[0mPOST /member [33m404 [0m6.336 ms - 1042[0m
[0mPOST /member [33m404 [0m10.324 ms - 1042[0m
[0mPOST /member [33m404 [0m13.092 ms - 1042[0m
[0mPOST /member [33m404 [0m17.254 ms - 1042[0m
[0mPOST /member [33m404 [0m5.576 ms - 1042[0m
[0mPOST /member [33m404 [0m11.315 ms - 1042[0m
[0mPOST /member [33m404 [0m5.997 ms - 1042[0m
[0mPOST /member [33m404 [0m4.477 ms - 1042[0m
[0mPOST /member [33m404 [0m5.145 ms - 1042[0m
[0mPOST /member [33m404 [0m10.908 ms - 1042[0m
Terminated

npm ERR! Linux 4.15.0-1031-aws
npm ERR! argv "/usr/bin/node" "/usr/bin/npm" "start"
npm ERR! node v8.10.0
npm ERR! npm  v3.5.2
npm ERR! code ELIFECYCLE
npm ERR! simplesns@0.0.0 start: `node ./bin/www`
npm ERR! Exit status 143
npm ERR! 
npm ERR! Failed at the simplesns@0.0.0 start script 'node ./bin/www'.
npm ERR! Make sure you have the latest version of node.js and npm installed.
npm ERR! If you do, this is most likely a problem with the simplesns package,
npm ERR! not with npm itself.
npm ERR! Tell the author that this fails on your system:
npm ERR!     node ./bin/www
npm ERR! You can get information on how to open an issue for this project with:
npm ERR!     npm bugs simplesns
npm ERR! Or if that isn't available, you can get their info via:
npm ERR!     npm owner ls simplesns
npm ERR! There is likely additional logging output above.

npm ERR! Please include the following file with any support request:
npm ERR!     /home/ubuntu/SimpleSNS/npm-debug.log
